<?xml version="1.0" encoding="UTF-8"?>
<testsuite name="blind.project.repository.MemberRepositoryTest" tests="1" skipped="0" failures="0" errors="0" timestamp="2023-04-13T07:18:52" hostname="DEVSEO" time="0.565">
  <properties/>
  <testcase name="updateTest()" classname="blind.project.repository.MemberRepositoryTest" time="0.565"/>
  <system-out><![CDATA[16:18:46.824 [Test worker] DEBUG org.springframework.test.context.BootstrapUtils - Instantiating CacheAwareContextLoaderDelegate from class [org.springframework.test.context.cache.DefaultCacheAwareContextLoaderDelegate]
16:18:46.837 [Test worker] DEBUG org.springframework.test.context.BootstrapUtils - Instantiating BootstrapContext using constructor [public org.springframework.test.context.support.DefaultBootstrapContext(java.lang.Class,org.springframework.test.context.CacheAwareContextLoaderDelegate)]
16:18:46.873 [Test worker] DEBUG org.springframework.test.context.BootstrapUtils - Instantiating TestContextBootstrapper for test class [blind.project.repository.MemberRepositoryTest] from class [org.springframework.boot.test.context.SpringBootTestContextBootstrapper]
16:18:46.885 [Test worker] INFO org.springframework.boot.test.context.SpringBootTestContextBootstrapper - Neither @ContextConfiguration nor @ContextHierarchy found for test class [blind.project.repository.MemberRepositoryTest], using SpringBootContextLoader
16:18:46.890 [Test worker] DEBUG org.springframework.test.context.support.AbstractContextLoader - Did not detect default resource location for test class [blind.project.repository.MemberRepositoryTest]: class path resource [blind/project/repository/MemberRepositoryTest-context.xml] does not exist
16:18:46.890 [Test worker] DEBUG org.springframework.test.context.support.AbstractContextLoader - Did not detect default resource location for test class [blind.project.repository.MemberRepositoryTest]: class path resource [blind/project/repository/MemberRepositoryTestContext.groovy] does not exist
16:18:46.890 [Test worker] INFO org.springframework.test.context.support.AbstractContextLoader - Could not detect default resource locations for test class [blind.project.repository.MemberRepositoryTest]: no resource found for suffixes {-context.xml, Context.groovy}.
16:18:46.891 [Test worker] INFO org.springframework.test.context.support.AnnotationConfigContextLoaderUtils - Could not detect default configuration classes for test class [blind.project.repository.MemberRepositoryTest]: MemberRepositoryTest does not declare any static, non-private, non-final, nested classes annotated with @Configuration.
16:18:46.932 [Test worker] DEBUG org.springframework.test.context.support.ActiveProfilesUtils - Could not find an 'annotation declaring class' for annotation type [org.springframework.test.context.ActiveProfiles] and class [blind.project.repository.MemberRepositoryTest]
16:18:46.987 [Test worker] DEBUG org.springframework.context.annotation.ClassPathScanningCandidateComponentProvider - Identified candidate component class: file [C:\Users\ch457\Desktop\project\project\build\classes\kotlin\main\blind\project\ProjectApplication.class]
16:18:46.988 [Test worker] INFO org.springframework.boot.test.context.SpringBootTestContextBootstrapper - Found @SpringBootConfiguration blind.project.ProjectApplication for test class blind.project.repository.MemberRepositoryTest
16:18:47.087 [Test worker] DEBUG org.springframework.boot.test.context.SpringBootTestContextBootstrapper - @TestExecutionListeners is not present for class [blind.project.repository.MemberRepositoryTest]: using defaults.
16:18:47.087 [Test worker] INFO org.springframework.boot.test.context.SpringBootTestContextBootstrapper - Loaded default TestExecutionListener class names from location [META-INF/spring.factories]: [org.springframework.security.test.context.support.WithSecurityContextTestExecutionListener, org.springframework.security.test.context.support.ReactorContextTestExecutionListener, org.springframework.boot.test.autoconfigure.restdocs.RestDocsTestExecutionListener, org.springframework.boot.test.autoconfigure.web.client.MockRestServiceServerResetTestExecutionListener, org.springframework.boot.test.autoconfigure.web.servlet.MockMvcPrintOnlyOnFailureTestExecutionListener, org.springframework.boot.test.autoconfigure.web.servlet.WebDriverTestExecutionListener, org.springframework.boot.test.autoconfigure.webservices.client.MockWebServiceServerTestExecutionListener, org.springframework.boot.test.mock.mockito.MockitoTestExecutionListener, org.springframework.boot.test.mock.mockito.ResetMocksTestExecutionListener, org.springframework.test.context.web.ServletTestExecutionListener, org.springframework.test.context.support.DirtiesContextBeforeModesTestExecutionListener, org.springframework.test.context.event.ApplicationEventsTestExecutionListener, org.springframework.test.context.support.DependencyInjectionTestExecutionListener, org.springframework.test.context.support.DirtiesContextTestExecutionListener, org.springframework.test.context.transaction.TransactionalTestExecutionListener, org.springframework.test.context.jdbc.SqlScriptsTestExecutionListener, org.springframework.test.context.event.EventPublishingTestExecutionListener]
16:18:47.106 [Test worker] INFO org.springframework.boot.test.context.SpringBootTestContextBootstrapper - Using TestExecutionListeners: [org.springframework.test.context.web.ServletTestExecutionListener@46292372, org.springframework.test.context.support.DirtiesContextBeforeModesTestExecutionListener@126be319, org.springframework.test.context.event.ApplicationEventsTestExecutionListener@6c44052e, org.springframework.boot.test.mock.mockito.MockitoTestExecutionListener@5c371e13, org.springframework.boot.test.autoconfigure.SpringBootDependencyInjectionTestExecutionListener@530a8454, org.springframework.test.context.support.DirtiesContextTestExecutionListener@1e34c607, org.springframework.test.context.transaction.TransactionalTestExecutionListener@5215cd9a, org.springframework.test.context.jdbc.SqlScriptsTestExecutionListener@36b6964d, org.springframework.security.test.context.support.WithSecurityContextTestExecutionListener@31198ceb, org.springframework.test.context.event.EventPublishingTestExecutionListener@9257031, org.springframework.security.test.context.support.ReactorContextTestExecutionListener@75201592, org.springframework.boot.test.autoconfigure.restdocs.RestDocsTestExecutionListener@7726e185, org.springframework.boot.test.autoconfigure.web.client.MockRestServiceServerResetTestExecutionListener@aa5455e, org.springframework.boot.test.autoconfigure.web.servlet.MockMvcPrintOnlyOnFailureTestExecutionListener@282308c3, org.springframework.boot.test.autoconfigure.web.servlet.WebDriverTestExecutionListener@5dda14d0, org.springframework.boot.test.autoconfigure.webservices.client.MockWebServiceServerTestExecutionListener@1db0ec27, org.springframework.boot.test.mock.mockito.ResetMocksTestExecutionListener@3d9fc57a]
16:18:47.110 [Test worker] DEBUG org.springframework.test.context.support.AbstractDirtiesContextTestExecutionListener - Before test class: context [DefaultTestContext@1af1347d testClass = MemberRepositoryTest, testInstance = [null], testMethod = [null], testException = [null], mergedContextConfiguration = [WebMergedContextConfiguration@632aa1a3 testClass = MemberRepositoryTest, locations = '{}', classes = '{class blind.project.ProjectApplication}', contextInitializerClasses = '[]', activeProfiles = '{}', propertySourceLocations = '{}', propertySourceProperties = '{org.springframework.boot.test.context.SpringBootTestContextBootstrapper=true}', contextCustomizers = set[org.springframework.boot.test.autoconfigure.actuate.metrics.MetricsExportContextCustomizerFactory$DisableMetricExportContextCustomizer@654d8173, org.springframework.boot.test.autoconfigure.properties.PropertyMappingContextCustomizer@0, org.springframework.boot.test.autoconfigure.web.servlet.WebDriverContextCustomizerFactory$Customizer@485a3466, org.springframework.boot.test.context.filter.ExcludeFilterContextCustomizer@5ad10c1a, org.springframework.boot.test.json.DuplicateJsonObjectContextCustomizerFactory$DuplicateJsonObjectContextCustomizer@76f7d241, org.springframework.boot.test.mock.mockito.MockitoContextCustomizer@0, org.springframework.boot.test.web.client.TestRestTemplateContextCustomizer@3234f74e, org.springframework.boot.test.context.SpringBootTestArgs@1, org.springframework.boot.test.context.SpringBootTestWebEnvironment@589da3f3], resourceBasePath = 'src/main/webapp', contextLoader = 'org.springframework.boot.test.context.SpringBootContextLoader', parent = [null]], attributes = map['org.springframework.test.context.web.ServletTestExecutionListener.activateListener' -> true]], class annotated with @DirtiesContext [false] with mode [null].

  .   ____          _            __ _ _
 /\\ / ___'_ __ _ _(_)_ __  __ _ \ \ \ \
( ( )\___ | '_ | '_| | '_ \/ _` | \ \ \ \
 \\/  ___)| |_)| | | | | || (_| |  ) ) ) )
  '  |____| .__|_| |_|_| |_\__, | / / / /
 =========|_|==============|___/=/_/_/_/
 :: Spring Boot ::               (v2.7.10)

2023-04-13 16:18:47.475  INFO 32856 --- [    Test worker] b.p.repository.MemberRepositoryTest      : Starting MemberRepositoryTest using Java 11.0.2 on DevSeo with PID 32856 (started by ch457 in C:\Users\ch457\Desktop\project\project)
2023-04-13 16:18:47.476  INFO 32856 --- [    Test worker] b.p.repository.MemberRepositoryTest      : No active profile set, falling back to 1 default profile: "default"
2023-04-13 16:18:48.483  INFO 32856 --- [    Test worker] .s.d.r.c.RepositoryConfigurationDelegate : Bootstrapping Spring Data JPA repositories in DEFAULT mode.
2023-04-13 16:18:48.537  INFO 32856 --- [    Test worker] .s.d.r.c.RepositoryConfigurationDelegate : Finished Spring Data repository scanning in 46 ms. Found 1 JPA repository interfaces.
2023-04-13 16:18:49.121  INFO 32856 --- [    Test worker] o.hibernate.jpa.internal.util.LogHelper  : HHH000204: Processing PersistenceUnitInfo [name: default]
2023-04-13 16:18:49.194  INFO 32856 --- [    Test worker] org.hibernate.Version                    : HHH000412: Hibernate ORM core version 5.6.15.Final
2023-04-13 16:18:49.398  INFO 32856 --- [    Test worker] o.hibernate.annotations.common.Version   : HCANN000001: Hibernate Commons Annotations {5.1.2.Final}
2023-04-13 16:18:49.538  INFO 32856 --- [    Test worker] com.zaxxer.hikari.HikariDataSource       : HikariPool-1 - Starting...
2023-04-13 16:18:49.628  INFO 32856 --- [    Test worker] com.zaxxer.hikari.HikariDataSource       : HikariPool-1 - Start completed.
2023-04-13 16:18:49.665  INFO 32856 --- [    Test worker] org.hibernate.dialect.Dialect            : HHH000400: Using dialect: org.hibernate.dialect.H2Dialect
2023-04-13 16:18:50.344 DEBUG 32856 --- [    Test worker] org.hibernate.SQL                        : 
    
    drop table if exists member CASCADE 
Hibernate: 
    
    drop table if exists member CASCADE 
2023-04-13 16:18:50.348 DEBUG 32856 --- [    Test worker] org.hibernate.SQL                        : 
    
    drop sequence if exists hibernate_sequence
Hibernate: 
    
    drop sequence if exists hibernate_sequence
2023-04-13 16:18:50.351 DEBUG 32856 --- [    Test worker] org.hibernate.SQL                        : create sequence hibernate_sequence start with 1 increment by 1
Hibernate: create sequence hibernate_sequence start with 1 increment by 1
2023-04-13 16:18:50.352 DEBUG 32856 --- [    Test worker] org.hibernate.SQL                        : 
    
    create table member (
       id bigint not null,
        created_date timestamp,
        last_modified_date timestamp,
        email varchar(255),
        name varchar(255),
        social_type varchar(255),
        user_id varchar(255),
        user_pwd varchar(255),
        user_role varchar(255),
        primary key (id)
    )
Hibernate: 
    
    create table member (
       id bigint not null,
        created_date timestamp,
        last_modified_date timestamp,
        email varchar(255),
        name varchar(255),
        social_type varchar(255),
        user_id varchar(255),
        user_pwd varchar(255),
        user_role varchar(255),
        primary key (id)
    )
2023-04-13 16:18:50.354  INFO 32856 --- [    Test worker] o.h.e.t.j.p.i.JtaPlatformInitiator       : HHH000490: Using JtaPlatform implementation: [org.hibernate.engine.transaction.jta.platform.internal.NoJtaPlatform]
2023-04-13 16:18:50.366  INFO 32856 --- [    Test worker] j.LocalContainerEntityManagerFactoryBean : Initialized JPA EntityManagerFactory for persistence unit 'default'
2023-04-13 16:18:50.725  WARN 32856 --- [    Test worker] JpaBaseConfiguration$JpaWebConfiguration : spring.jpa.open-in-view is enabled by default. Therefore, database queries may be performed during view rendering. Explicitly configure spring.jpa.open-in-view to disable this warning
2023-04-13 16:18:51.912  WARN 32856 --- [    Test worker] .s.s.UserDetailsServiceAutoConfiguration : 

Using generated security password: 8d6b5b3b-afa3-4862-9e25-d6fa6d1581c1

This generated password is for development use only. Your security configuration must be updated before running your application in production.

2023-04-13 16:18:52.179  INFO 32856 --- [    Test worker] o.s.s.web.DefaultSecurityFilterChain     : Will secure any request with [org.springframework.security.web.session.DisableEncodeUrlFilter@1106a9cc, org.springframework.security.web.context.request.async.WebAsyncManagerIntegrationFilter@ef1080d, org.springframework.security.web.context.SecurityContextPersistenceFilter@58e0f079, org.springframework.security.web.header.HeaderWriterFilter@7aaf0f0a, org.springframework.security.web.csrf.CsrfFilter@475c2f47, org.springframework.security.web.authentication.logout.LogoutFilter@4bacabc4, org.springframework.security.web.authentication.UsernamePasswordAuthenticationFilter@557f0a39, org.springframework.security.web.authentication.ui.DefaultLoginPageGeneratingFilter@49e54217, org.springframework.security.web.authentication.ui.DefaultLogoutPageGeneratingFilter@723aa04, org.springframework.security.web.authentication.www.BasicAuthenticationFilter@37351baa, org.springframework.security.web.savedrequest.RequestCacheAwareFilter@20a533b, org.springframework.security.web.servletapi.SecurityContextHolderAwareRequestFilter@5db6083b, org.springframework.security.web.authentication.AnonymousAuthenticationFilter@12128849, org.springframework.security.web.session.SessionManagementFilter@68bef3df, org.springframework.security.web.access.ExceptionTranslationFilter@126ae0ca, org.springframework.security.web.access.intercept.FilterSecurityInterceptor@514eefc4]
2023-04-13 16:18:52.276  INFO 32856 --- [    Test worker] b.p.repository.MemberRepositoryTest      : Started MemberRepositoryTest in 5.129 seconds (JVM running for 6.546)
2023-04-13 16:18:52.326  INFO 32856 --- [    Test worker] o.s.t.c.transaction.TransactionContext   : Began transaction (1) for test context [DefaultTestContext@1af1347d testClass = MemberRepositoryTest, testInstance = blind.project.repository.MemberRepositoryTest@162c89ac, testMethod = updateTest@MemberRepositoryTest, testException = [null], mergedContextConfiguration = [WebMergedContextConfiguration@632aa1a3 testClass = MemberRepositoryTest, locations = '{}', classes = '{class blind.project.ProjectApplication}', contextInitializerClasses = '[]', activeProfiles = '{}', propertySourceLocations = '{}', propertySourceProperties = '{org.springframework.boot.test.context.SpringBootTestContextBootstrapper=true}', contextCustomizers = set[org.springframework.boot.test.autoconfigure.actuate.metrics.MetricsExportContextCustomizerFactory$DisableMetricExportContextCustomizer@654d8173, org.springframework.boot.test.autoconfigure.properties.PropertyMappingContextCustomizer@0, org.springframework.boot.test.autoconfigure.web.servlet.WebDriverContextCustomizerFactory$Customizer@485a3466, org.springframework.boot.test.context.filter.ExcludeFilterContextCustomizer@5ad10c1a, org.springframework.boot.test.json.DuplicateJsonObjectContextCustomizerFactory$DuplicateJsonObjectContextCustomizer@76f7d241, org.springframework.boot.test.mock.mockito.MockitoContextCustomizer@0, org.springframework.boot.test.web.client.TestRestTemplateContextCustomizer@3234f74e, org.springframework.boot.test.context.SpringBootTestArgs@1, org.springframework.boot.test.context.SpringBootTestWebEnvironment@589da3f3], resourceBasePath = 'src/main/webapp', contextLoader = 'org.springframework.boot.test.context.SpringBootContextLoader', parent = [null]], attributes = map['org.springframework.test.context.web.ServletTestExecutionListener.activateListener' -> true, 'org.springframework.test.context.web.ServletTestExecutionListener.populatedRequestContextHolder' -> true, 'org.springframework.test.context.web.ServletTestExecutionListener.resetRequestContextHolder' -> true, 'org.springframework.test.context.event.ApplicationEventsTestExecutionListener.recordApplicationEvents' -> false]]; transaction manager [org.springframework.orm.jpa.JpaTransactionManager@2dc54b50]; rollback [true]
2023-04-13 16:18:52.545 DEBUG 32856 --- [    Test worker] org.hibernate.SQL                        : 
    select
        member0_.id as id1_0_,
        member0_.created_date as created_2_0_,
        member0_.last_modified_date as last_mod3_0_,
        member0_.email as email4_0_,
        member0_.name as name5_0_,
        member0_.social_type as social_t6_0_,
        member0_.user_id as user_id7_0_,
        member0_.user_pwd as user_pwd8_0_,
        member0_.user_role as user_rol9_0_ 
    from
        member member0_
Hibernate: 
    select
        member0_.id as id1_0_,
        member0_.created_date as created_2_0_,
        member0_.last_modified_date as last_mod3_0_,
        member0_.email as email4_0_,
        member0_.name as name5_0_,
        member0_.social_type as social_t6_0_,
        member0_.user_id as user_id7_0_,
        member0_.user_pwd as user_pwd8_0_,
        member0_.user_role as user_rol9_0_ 
    from
        member member0_
2023-04-13 16:18:52.726 DEBUG 32856 --- [    Test worker] org.hibernate.SQL                        : 
    call next value for hibernate_sequence
Hibernate: 
    call next value for hibernate_sequence
2023-04-13 16:18:52.745 DEBUG 32856 --- [    Test worker] org.hibernate.SQL                        : 
    call next value for hibernate_sequence
Hibernate: 
    call next value for hibernate_sequence
2023-04-13 16:18:52.836 DEBUG 32856 --- [    Test worker] org.hibernate.SQL                        : 
    insert 
    into
        member
        (created_date, last_modified_date, email, name, social_type, user_id, user_pwd, user_role, id) 
    values
        (?, ?, ?, ?, ?, ?, ?, ?, ?)
Hibernate: 
    insert 
    into
        member
        (created_date, last_modified_date, email, name, social_type, user_id, user_pwd, user_role, id) 
    values
        (?, ?, ?, ?, ?, ?, ?, ?, ?)
2023-04-13 16:18:52.840 DEBUG 32856 --- [    Test worker] org.hibernate.SQL                        : 
    insert 
    into
        member
        (created_date, last_modified_date, email, name, social_type, user_id, user_pwd, user_role, id) 
    values
        (?, ?, ?, ?, ?, ?, ?, ?, ?)
Hibernate: 
    insert 
    into
        member
        (created_date, last_modified_date, email, name, social_type, user_id, user_pwd, user_role, id) 
    values
        (?, ?, ?, ?, ?, ?, ?, ?, ?)
2023-04-13 16:18:52.842 DEBUG 32856 --- [    Test worker] org.hibernate.SQL                        : 
    select
        member0_.id as id1_0_,
        member0_.created_date as created_2_0_,
        member0_.last_modified_date as last_mod3_0_,
        member0_.email as email4_0_,
        member0_.name as name5_0_,
        member0_.social_type as social_t6_0_,
        member0_.user_id as user_id7_0_,
        member0_.user_pwd as user_pwd8_0_,
        member0_.user_role as user_rol9_0_ 
    from
        member member0_ 
    where
        member0_.name=?
Hibernate: 
    select
        member0_.id as id1_0_,
        member0_.created_date as created_2_0_,
        member0_.last_modified_date as last_mod3_0_,
        member0_.email as email4_0_,
        member0_.name as name5_0_,
        member0_.social_type as social_t6_0_,
        member0_.user_id as user_id7_0_,
        member0_.user_pwd as user_pwd8_0_,
        member0_.user_role as user_rol9_0_ 
    from
        member member0_ 
    where
        member0_.name=?
Member(id=2, name='rex2', userId='ch4570', userPwd='{bcrypt}$2a$10$DcEIhU6jh9Qj8Pndw.SYkOyhLftUDw37pNpCOW1VuuoUAaKlU9d4G', userRole=ROLE_USER, socialType=NAVER)
2023-04-13 16:18:52.854 DEBUG 32856 --- [    Test worker] org.hibernate.SQL                        : 
    update
        member 
    set
        last_modified_date=?,
        email=?,
        name=?,
        social_type=?,
        user_id=?,
        user_pwd=?,
        user_role=? 
    where
        id=?
Hibernate: 
    update
        member 
    set
        last_modified_date=?,
        email=?,
        name=?,
        social_type=?,
        user_id=?,
        user_pwd=?,
        user_role=? 
    where
        id=?
2023-04-13 16:18:52.859 DEBUG 32856 --- [    Test worker] org.hibernate.SQL                        : 
    select
        member0_.id as id1_0_,
        member0_.created_date as created_2_0_,
        member0_.last_modified_date as last_mod3_0_,
        member0_.email as email4_0_,
        member0_.name as name5_0_,
        member0_.social_type as social_t6_0_,
        member0_.user_id as user_id7_0_,
        member0_.user_pwd as user_pwd8_0_,
        member0_.user_role as user_rol9_0_ 
    from
        member member0_ 
    where
        member0_.name=?
Hibernate: 
    select
        member0_.id as id1_0_,
        member0_.created_date as created_2_0_,
        member0_.last_modified_date as last_mod3_0_,
        member0_.email as email4_0_,
        member0_.name as name5_0_,
        member0_.social_type as social_t6_0_,
        member0_.user_id as user_id7_0_,
        member0_.user_pwd as user_pwd8_0_,
        member0_.user_role as user_rol9_0_ 
    from
        member member0_ 
    where
        member0_.name=?
findMember2 = Member(id=2, name='rex3', userId='ch4570', userPwd='{bcrypt}$2a$10$DcEIhU6jh9Qj8Pndw.SYkOyhLftUDw37pNpCOW1VuuoUAaKlU9d4G', userRole=ROLE_USER, socialType=NAVER)
2023-04-13 16:18:52.875  INFO 32856 --- [    Test worker] o.s.t.c.transaction.TransactionContext   : Rolled back transaction for test: [DefaultTestContext@1af1347d testClass = MemberRepositoryTest, testInstance = blind.project.repository.MemberRepositoryTest@162c89ac, testMethod = updateTest@MemberRepositoryTest, testException = [null], mergedContextConfiguration = [WebMergedContextConfiguration@632aa1a3 testClass = MemberRepositoryTest, locations = '{}', classes = '{class blind.project.ProjectApplication}', contextInitializerClasses = '[]', activeProfiles = '{}', propertySourceLocations = '{}', propertySourceProperties = '{org.springframework.boot.test.context.SpringBootTestContextBootstrapper=true}', contextCustomizers = set[org.springframework.boot.test.autoconfigure.actuate.metrics.MetricsExportContextCustomizerFactory$DisableMetricExportContextCustomizer@654d8173, org.springframework.boot.test.autoconfigure.properties.PropertyMappingContextCustomizer@0, org.springframework.boot.test.autoconfigure.web.servlet.WebDriverContextCustomizerFactory$Customizer@485a3466, org.springframework.boot.test.context.filter.ExcludeFilterContextCustomizer@5ad10c1a, org.springframework.boot.test.json.DuplicateJsonObjectContextCustomizerFactory$DuplicateJsonObjectContextCustomizer@76f7d241, org.springframework.boot.test.mock.mockito.MockitoContextCustomizer@0, org.springframework.boot.test.web.client.TestRestTemplateContextCustomizer@3234f74e, org.springframework.boot.test.context.SpringBootTestArgs@1, org.springframework.boot.test.context.SpringBootTestWebEnvironment@589da3f3], resourceBasePath = 'src/main/webapp', contextLoader = 'org.springframework.boot.test.context.SpringBootContextLoader', parent = [null]], attributes = map['org.springframework.test.context.web.ServletTestExecutionListener.activateListener' -> true, 'org.springframework.test.context.web.ServletTestExecutionListener.populatedRequestContextHolder' -> true, 'org.springframework.test.context.web.ServletTestExecutionListener.resetRequestContextHolder' -> true, 'org.springframework.test.context.event.ApplicationEventsTestExecutionListener.recordApplicationEvents' -> false]]
]]></system-out>
  <system-err><![CDATA[]]></system-err>
</testsuite>
